[debug] [2021-05-09T10:15:31.907Z] ----------------------------------------------------------------------
[debug] [2021-05-09T10:15:31.908Z] Command:       C:\Program Files\nodejs\node.exe C:\Users\Biswajit Das\AppData\Roaming\npm\node_modules\firebase-tools\lib\bin\firebase.js init
[debug] [2021-05-09T10:15:31.909Z] CLI Version:   9.10.2
[debug] [2021-05-09T10:15:31.909Z] Platform:      win32
[debug] [2021-05-09T10:15:31.909Z] Node Version:  v14.15.4
[debug] [2021-05-09T10:15:31.910Z] Time:          Sun May 09 2021 15:45:31 GMT+0530 (India Standard Time)
[debug] [2021-05-09T10:15:31.910Z] ----------------------------------------------------------------------
[debug] 
[debug] [2021-05-09T10:15:31.912Z] >>> [apiv2][query] GET https://firebase-public.firebaseio.com/cli.json [none]
[debug] [2021-05-09T10:15:31.931Z] > command requires scopes: ["email","openid","https://www.googleapis.com/auth/cloudplatformprojects.readonly","https://www.googleapis.com/auth/firebase","https://www.googleapis.com/auth/cloud-platform"]
[debug] [2021-05-09T10:15:31.931Z] > authorizing via signed-in user (dasb1283@gmail.com)
[info] 
     ######## #### ########  ######## ########     ###     ######  ########
     ##        ##  ##     ## ##       ##     ##  ##   ##  ##       ##
     ######    ##  ########  ######   ########  #########  ######  ######
     ##        ##  ##    ##  ##       ##     ## ##     ##       ## ##
     ##       #### ##     ## ######## ########  ##     ##  ######  ########

You're about to initialize a Firebase project in this directory:

  E:\react\faabmog-kitchens

[debug] [2021-05-09T10:15:32.996Z] <<< [apiv2][status] GET https://firebase-public.firebaseio.com/cli.json 200
[debug] [2021-05-09T10:15:32.996Z] <<< [apiv2][body] GET https://firebase-public.firebaseio.com/cli.json {"cloudBuildErrorAfter":1594252800000,"cloudBuildWarnAfter":1590019200000,"defaultNode10After":1594252800000,"minVersion":"3.0.5","node8DeploysDisabledAfter":1613390400000,"node8RuntimeDisabledAfter":1615809600000,"node8WarnAfter":1600128000000}
[info] 
=== Project Setup
[info] 
[info] First, let's associate this project directory with a Firebase project.
[info] You can create multiple project aliases by running firebase use --add, 
[info] but for now we'll just set up a default project.
[info] 
[debug] [2021-05-09T10:15:57.700Z] > refreshing access token with scopes: []
[debug] [2021-05-09T10:15:57.700Z] >>> HTTP REQUEST POST https://www.googleapis.com/oauth2/v3/token  
 <request body omitted>
[debug] [2021-05-09T10:15:58.123Z] <<< HTTP RESPONSE 200 {"pragma":"no-cache","cache-control":"no-cache, no-store, max-age=0, must-revalidate","expires":"Mon, 01 Jan 1990 00:00:00 GMT","date":"Sun, 09 May 2021 10:15:58 GMT","content-type":"application/json; charset=utf-8","vary":"X-Origin, Referer, Origin,Accept-Encoding","server":"scaffolding on HTTPServer2","x-xss-protection":"0","x-frame-options":"SAMEORIGIN","x-content-type-options":"nosniff","alt-svc":"h3-29=\":443\"; ma=2592000,h3-T051=\":443\"; ma=2592000,h3-Q050=\":443\"; ma=2592000,h3-Q046=\":443\"; ma=2592000,h3-Q043=\":443\"; ma=2592000,quic=\":443\"; ma=2592000; v=\"46,43\"","accept-ranges":"none","transfer-encoding":"chunked"}
[debug] [2021-05-09T10:15:58.136Z] >>> [apiv2][query] GET https://firebase.googleapis.com/v1beta1/projects pageSize=100
[debug] [2021-05-09T10:15:59.038Z] <<< [apiv2][status] GET https://firebase.googleapis.com/v1beta1/projects 200
[debug] [2021-05-09T10:15:59.038Z] <<< [apiv2][body] GET https://firebase.googleapis.com/v1beta1/projects [omitted]
[info] i  Using project faabmog-kitchens (FAABMOG-KITCHENS) 
[info] 
=== Hosting Setup
[info] 
[info] Your public directory is the folder (relative to your project directory) that
[info] will contain Hosting assets to be uploaded with firebase deploy. If you
[info] have a build process for your assets, use your build's output directory.
[info] 
[debug] [2021-05-09T10:16:44.576Z] >>> [apiv2][query] GET https://www.gstatic.com/firebasejs/releases.json [none]
[debug] [2021-05-09T10:16:44.866Z] <<< [apiv2][status] GET https://www.gstatic.com/firebasejs/releases.json 200
[debug] [2021-05-09T10:16:44.866Z] <<< [apiv2][body] GET https://www.gstatic.com/firebasejs/releases.json {"current":{"version":"8.5.0","browserURL":"https://www.gstatic.com/firebasejs/8.5.0/firebase.js","packageURL":"https://www.gstatic.com/firebasejs/8.5.0/firebase.tgz"},"live":{"version":"8.5","browserURL":"https://www.gstatic.com/firebasejs/live/8.5/firebase.js","packageURL":"https://www.gstatic.com/firebasejs/live/8.5/firebase.tgz"},"components":{"analytics":"https://www.gstatic.com/firebasejs/8.5.0/firebase-analytics.js","app":"https://www.gstatic.com/firebasejs/8.5.0/firebase-app.js","auth":"https://www.gstatic.com/firebasejs/8.5.0/firebase-auth.js","database":"https://www.gstatic.com/firebasejs/8.5.0/firebase-database.js","firestore":"https://www.gstatic.com/firebasejs/8.5.0/firebase-firestore.js","functions":"https://www.gstatic.com/firebasejs/8.5.0/firebase-functions.js","installations":"https://www.gstatic.com/firebasejs/8.5.0/firebase-installations.js","messaging":"https://www.gstatic.com/firebasejs/8.5.0/firebase-messaging.js","storage":"https://www.gstatic.com/firebasejs/8.5.0/firebase-storage.js","performance":"https://www.gstatic.com/firebasejs/8.5.0/firebase-performance.js","remote-config":"https://www.gstatic.com/firebasejs/8.5.0/firebase-remote-config.js","firestore.memory":"https://www.gstatic.com/firebasejs/8.5.0/firebase-firestore.memory.js"}}
[info] i  Skipping write of public/index.html 
[info] 
[info] i  Detected a .git folder at E:\react\faabmog-kitchens 
[info] i  Authorizing with GitHub to upload your service account to a GitHub repository's secrets store. 
[info] 
[info] Visit this URL on this device to log in:
[info] https://github.com/login/oauth/authorize?client_id=89cf50f02ac6aaed3484&state=453198135&redirect_uri=http%3A%2F%2Flocalhost%3A9005&scope=read%3Auser%20repo%20public_repo
[info] 
[info] Waiting for authentication...
